<?xml version="1.0" encoding="UTF-8"?>
<!-- Generated by org.testng.reporters.JUnitReportReporter -->
<testsuite hostname="stanford" name="com.app.test.LoginTest" tests="1" failures="0" timestamp="16 Jan 2016 09:37:26 GMT" time="121.873" errors="0">
  <testcase name="TestApp" time="121.873" classname="com.app.test.LoginTest"/>
</testsuite> <!-- com.app.test.LoginTest -->
